2023-08-22 16:30:19,136 [Worker-2: Loading available Gradle versions] INFO  o.e.b.c.i.u.g.PublishedGradleVersions - Gradle version information cache is up-to-date. Trying to read.
2023-08-22 16:30:36,041 [Worker-10: Importing Maven projects] INFO  o.e.m.c.i.l.LifecycleMappingFactory - Using org.eclipse.m2e.jdt.JarLifecycleMapping lifecycle mapping for MavenProject: com.example:Offer:0.0.1-SNAPSHOT @ D:\Java\OPTUS\offer suboffer updated\Offer Final 2\Offer\pom.xml.
2023-08-22 16:30:37,653 [Worker-10: Importing Maven projects] INFO  o.e.m.j.i.AbstractJavaProjectConfigurator - Adding source folder /Offer/src/main/java
2023-08-22 16:30:37,655 [Worker-10: Importing Maven projects] INFO  o.e.m.j.i.AbstractJavaProjectConfigurator - Adding resource folder /Offer/src/main/resources
2023-08-22 16:30:37,658 [Worker-10: Importing Maven projects] INFO  o.e.m.j.i.AbstractJavaProjectConfigurator - Adding resource folder /Offer/src/main/resources
2023-08-22 16:30:37,660 [Worker-10: Importing Maven projects] INFO  o.e.m.j.i.AbstractJavaProjectConfigurator - Adding source folder /Offer/src/test/java
2023-08-22 16:30:38,227 [Worker-10: Importing Maven projects] INFO  o.e.m.c.i.p.ProjectConfigurationManager - Imported and configured 1 project(s) in 4 sec
2023-08-22 16:30:39,888 [Worker-7: Building] INFO  o.a.m.s.f.DefaultMavenResourcesFiltering - Copying 1 resource from src\main\resources to target\classes
2023-08-22 16:30:39,922 [Worker-7: Building] INFO  o.a.m.s.f.DefaultMavenResourcesFiltering - Copying 0 resource from src\main\resources to target\classes
2023-08-22 16:30:39,928 [Worker-7: Building] INFO  o.a.m.s.f.DefaultMavenResourcesFiltering - skip non existing resourceDirectory D:\Java\OPTUS\offer suboffer updated\Offer Final 2\Offer\src\test\resources
2023-08-22 16:32:02,772 [main] INFO  o.e.m2e.actions.ExecutePomAction - Creating new launch configuration
2023-08-22 16:32:09,070 [Worker-5: Launching Offer] INFO  o.eclipse.m2e.core.internal.Bundles - getClasspathEntries(Bundle=org.eclipse.m2e.maven.runtime_3.8.701.20230209-1606 [346])
2023-08-22 16:32:09,074 [Worker-5: Launching Offer] INFO  o.eclipse.m2e.core.internal.Bundles - 	Entry: C:\Users\p1357991\Downloads\sts-4.18.1.RELEASE\plugins\org.eclipse.m2e.maven.runtime_3.8.701.20230209-1606
2023-08-22 16:32:09,074 [Worker-5: Launching Offer] INFO  o.eclipse.m2e.core.internal.Bundles - 	Entry: C:\Users\p1357991\Downloads\sts-4.18.1.RELEASE\plugins\org.eclipse.m2e.maven.runtime_3.8.701.20230209-1606\jars\aether-connector-okhttp-0.17.8.jar
2023-08-22 16:32:09,074 [Worker-5: Launching Offer] INFO  o.eclipse.m2e.core.internal.Bundles - 	Entry: C:\Users\p1357991\Downloads\sts-4.18.1.RELEASE\plugins\org.eclipse.m2e.maven.runtime_3.8.701.20230209-1606\jars\commons-lang3-3.8.1.jar
2023-08-22 16:32:09,074 [Worker-5: Launching Offer] INFO  o.eclipse.m2e.core.internal.Bundles - 	Entry: C:\Users\p1357991\Downloads\sts-4.18.1.RELEASE\plugins\org.eclipse.m2e.maven.runtime_3.8.701.20230209-1606\jars\guice-4.2.2-no_aop.jar
2023-08-22 16:32:09,074 [Worker-5: Launching Offer] INFO  o.eclipse.m2e.core.internal.Bundles - 	Entry: C:\Users\p1357991\Downloads\sts-4.18.1.RELEASE\plugins\org.eclipse.m2e.maven.runtime_3.8.701.20230209-1606\jars\jansi-2.4.0.jar
2023-08-22 16:32:09,075 [Worker-5: Launching Offer] INFO  o.eclipse.m2e.core.internal.Bundles - 	Entry: C:\Users\p1357991\Downloads\sts-4.18.1.RELEASE\plugins\org.eclipse.m2e.maven.runtime_3.8.701.20230209-1606\jars\maven-artifact-3.8.7.jar
2023-08-22 16:32:09,075 [Worker-5: Launching Offer] INFO  o.eclipse.m2e.core.internal.Bundles - 	Entry: C:\Users\p1357991\Downloads\sts-4.18.1.RELEASE\plugins\org.eclipse.m2e.maven.runtime_3.8.701.20230209-1606\jars\maven-builder-support-3.8.7.jar
2023-08-22 16:32:09,075 [Worker-5: Launching Offer] INFO  o.eclipse.m2e.core.internal.Bundles - 	Entry: C:\Users\p1357991\Downloads\sts-4.18.1.RELEASE\plugins\org.eclipse.m2e.maven.runtime_3.8.701.20230209-1606\jars\maven-compat-3.8.7.jar
2023-08-22 16:32:09,075 [Worker-5: Launching Offer] INFO  o.eclipse.m2e.core.internal.Bundles - 	Entry: C:\Users\p1357991\Downloads\sts-4.18.1.RELEASE\plugins\org.eclipse.m2e.maven.runtime_3.8.701.20230209-1606\jars\maven-core-3.8.7.jar
2023-08-22 16:32:09,075 [Worker-5: Launching Offer] INFO  o.eclipse.m2e.core.internal.Bundles - 	Entry: C:\Users\p1357991\Downloads\sts-4.18.1.RELEASE\plugins\org.eclipse.m2e.maven.runtime_3.8.701.20230209-1606\jars\maven-embedder-3.8.7.jar
2023-08-22 16:32:09,076 [Worker-5: Launching Offer] INFO  o.eclipse.m2e.core.internal.Bundles - 	Entry: C:\Users\p1357991\Downloads\sts-4.18.1.RELEASE\plugins\org.eclipse.m2e.maven.runtime_3.8.701.20230209-1606\jars\maven-model-3.8.7.jar
2023-08-22 16:32:09,076 [Worker-5: Launching Offer] INFO  o.eclipse.m2e.core.internal.Bundles - 	Entry: C:\Users\p1357991\Downloads\sts-4.18.1.RELEASE\plugins\org.eclipse.m2e.maven.runtime_3.8.701.20230209-1606\jars\maven-model-builder-3.8.7.jar
2023-08-22 16:32:09,076 [Worker-5: Launching Offer] INFO  o.eclipse.m2e.core.internal.Bundles - 	Entry: C:\Users\p1357991\Downloads\sts-4.18.1.RELEASE\plugins\org.eclipse.m2e.maven.runtime_3.8.701.20230209-1606\jars\maven-plugin-api-3.8.7.jar
2023-08-22 16:32:09,076 [Worker-5: Launching Offer] INFO  o.eclipse.m2e.core.internal.Bundles - 	Entry: C:\Users\p1357991\Downloads\sts-4.18.1.RELEASE\plugins\org.eclipse.m2e.maven.runtime_3.8.701.20230209-1606\jars\maven-repository-metadata-3.8.7.jar
2023-08-22 16:32:09,076 [Worker-5: Launching Offer] INFO  o.eclipse.m2e.core.internal.Bundles - 	Entry: C:\Users\p1357991\Downloads\sts-4.18.1.RELEASE\plugins\org.eclipse.m2e.maven.runtime_3.8.701.20230209-1606\jars\maven-resolver-api-1.6.3.jar
2023-08-22 16:32:09,076 [Worker-5: Launching Offer] INFO  o.eclipse.m2e.core.internal.Bundles - 	Entry: C:\Users\p1357991\Downloads\sts-4.18.1.RELEASE\plugins\org.eclipse.m2e.maven.runtime_3.8.701.20230209-1606\jars\maven-resolver-connector-basic-1.6.3.jar
2023-08-22 16:32:09,077 [Worker-5: Launching Offer] INFO  o.eclipse.m2e.core.internal.Bundles - 	Entry: C:\Users\p1357991\Downloads\sts-4.18.1.RELEASE\plugins\org.eclipse.m2e.maven.runtime_3.8.701.20230209-1606\jars\maven-resolver-impl-1.6.3.jar
2023-08-22 16:32:09,077 [Worker-5: Launching Offer] INFO  o.eclipse.m2e.core.internal.Bundles - 	Entry: C:\Users\p1357991\Downloads\sts-4.18.1.RELEASE\plugins\org.eclipse.m2e.maven.runtime_3.8.701.20230209-1606\jars\maven-resolver-provider-3.8.7.jar
2023-08-22 16:32:09,077 [Worker-5: Launching Offer] INFO  o.eclipse.m2e.core.internal.Bundles - 	Entry: C:\Users\p1357991\Downloads\sts-4.18.1.RELEASE\plugins\org.eclipse.m2e.maven.runtime_3.8.701.20230209-1606\jars\maven-resolver-spi-1.6.3.jar
2023-08-22 16:32:09,077 [Worker-5: Launching Offer] INFO  o.eclipse.m2e.core.internal.Bundles - 	Entry: C:\Users\p1357991\Downloads\sts-4.18.1.RELEASE\plugins\org.eclipse.m2e.maven.runtime_3.8.701.20230209-1606\jars\maven-resolver-transport-wagon-1.6.3.jar
2023-08-22 16:32:09,077 [Worker-5: Launching Offer] INFO  o.eclipse.m2e.core.internal.Bundles - 	Entry: C:\Users\p1357991\Downloads\sts-4.18.1.RELEASE\plugins\org.eclipse.m2e.maven.runtime_3.8.701.20230209-1606\jars\maven-resolver-util-1.6.3.jar
2023-08-22 16:32:09,078 [Worker-5: Launching Offer] INFO  o.eclipse.m2e.core.internal.Bundles - 	Entry: C:\Users\p1357991\Downloads\sts-4.18.1.RELEASE\plugins\org.eclipse.m2e.maven.runtime_3.8.701.20230209-1606\jars\maven-settings-3.8.7.jar
2023-08-22 16:32:09,078 [Worker-5: Launching Offer] INFO  o.eclipse.m2e.core.internal.Bundles - 	Entry: C:\Users\p1357991\Downloads\sts-4.18.1.RELEASE\plugins\org.eclipse.m2e.maven.runtime_3.8.701.20230209-1606\jars\maven-settings-builder-3.8.7.jar
2023-08-22 16:32:09,078 [Worker-5: Launching Offer] INFO  o.eclipse.m2e.core.internal.Bundles - 	Entry: C:\Users\p1357991\Downloads\sts-4.18.1.RELEASE\plugins\org.eclipse.m2e.maven.runtime_3.8.701.20230209-1606\jars\maven-shared-utils-3.3.4.jar
2023-08-22 16:32:09,078 [Worker-5: Launching Offer] INFO  o.eclipse.m2e.core.internal.Bundles - 	Entry: C:\Users\p1357991\Downloads\sts-4.18.1.RELEASE\plugins\org.eclipse.m2e.maven.runtime_3.8.701.20230209-1606\jars\okhttp-3.14.1.jar
2023-08-22 16:32:09,079 [Worker-5: Launching Offer] INFO  o.eclipse.m2e.core.internal.Bundles - 	Entry: C:\Users\p1357991\Downloads\sts-4.18.1.RELEASE\plugins\org.eclipse.m2e.maven.runtime_3.8.701.20230209-1606\jars\okio-1.17.3.jar
2023-08-22 16:32:09,079 [Worker-5: Launching Offer] INFO  o.eclipse.m2e.core.internal.Bundles - 	Entry: C:\Users\p1357991\Downloads\sts-4.18.1.RELEASE\plugins\org.eclipse.m2e.maven.runtime_3.8.701.20230209-1606\jars\org.eclipse.sisu.inject-0.3.5.jar
2023-08-22 16:32:09,079 [Worker-5: Launching Offer] INFO  o.eclipse.m2e.core.internal.Bundles - 	Entry: C:\Users\p1357991\Downloads\sts-4.18.1.RELEASE\plugins\org.eclipse.m2e.maven.runtime_3.8.701.20230209-1606\jars\org.eclipse.sisu.plexus-0.3.5.jar
2023-08-22 16:32:09,080 [Worker-5: Launching Offer] INFO  o.eclipse.m2e.core.internal.Bundles - 	Entry: C:\Users\p1357991\Downloads\sts-4.18.1.RELEASE\plugins\org.eclipse.m2e.maven.runtime_3.8.701.20230209-1606\jars\plexus-build-api-0.0.7.jar
2023-08-22 16:32:09,080 [Worker-5: Launching Offer] INFO  o.eclipse.m2e.core.internal.Bundles - 	Entry: C:\Users\p1357991\Downloads\sts-4.18.1.RELEASE\plugins\org.eclipse.m2e.maven.runtime_3.8.701.20230209-1606\jars\plexus-cipher-2.0.jar
2023-08-22 16:32:09,081 [Worker-5: Launching Offer] INFO  o.eclipse.m2e.core.internal.Bundles - 	Entry: C:\Users\p1357991\Downloads\sts-4.18.1.RELEASE\plugins\org.eclipse.m2e.maven.runtime_3.8.701.20230209-1606\jars\plexus-classworlds-2.6.0.jar
2023-08-22 16:32:09,082 [Worker-5: Launching Offer] INFO  o.eclipse.m2e.core.internal.Bundles - 	Entry: C:\Users\p1357991\Downloads\sts-4.18.1.RELEASE\plugins\org.eclipse.m2e.maven.runtime_3.8.701.20230209-1606\jars\plexus-component-annotations-2.1.0.jar
2023-08-22 16:32:09,082 [Worker-5: Launching Offer] INFO  o.eclipse.m2e.core.internal.Bundles - 	Entry: C:\Users\p1357991\Downloads\sts-4.18.1.RELEASE\plugins\org.eclipse.m2e.maven.runtime_3.8.701.20230209-1606\jars\plexus-interpolation-1.26.jar
2023-08-22 16:32:09,082 [Worker-5: Launching Offer] INFO  o.eclipse.m2e.core.internal.Bundles - 	Entry: C:\Users\p1357991\Downloads\sts-4.18.1.RELEASE\plugins\org.eclipse.m2e.maven.runtime_3.8.701.20230209-1606\jars\plexus-sec-dispatcher-2.0.jar
2023-08-22 16:32:09,082 [Worker-5: Launching Offer] INFO  o.eclipse.m2e.core.internal.Bundles - 	Entry: C:\Users\p1357991\Downloads\sts-4.18.1.RELEASE\plugins\org.eclipse.m2e.maven.runtime_3.8.701.20230209-1606\jars\plexus-utils-3.3.1.jar
2023-08-22 16:32:09,083 [Worker-5: Launching Offer] INFO  o.eclipse.m2e.core.internal.Bundles - 	Entry: C:\Users\p1357991\Downloads\sts-4.18.1.RELEASE\plugins\org.eclipse.m2e.maven.runtime_3.8.701.20230209-1606\jars\wagon-file-3.5.3.jar
2023-08-22 16:32:09,083 [Worker-5: Launching Offer] INFO  o.eclipse.m2e.core.internal.Bundles - 	Entry: C:\Users\p1357991\Downloads\sts-4.18.1.RELEASE\plugins\org.eclipse.m2e.maven.runtime_3.8.701.20230209-1606\jars\wagon-provider-api-3.5.3.jar
2023-08-22 16:32:09,084 [Worker-5: Launching Offer] INFO  o.eclipse.m2e.core.internal.Bundles - getClasspathEntries(Bundle=com.google.guava_31.1.0.jre [23])
2023-08-22 16:32:09,085 [Worker-5: Launching Offer] INFO  o.eclipse.m2e.core.internal.Bundles - 	Entry: C:\Users\p1357991\Downloads\sts-4.18.1.RELEASE\plugins\com.google.guava_31.1.0.jre.jar
2023-08-22 16:32:09,085 [Worker-5: Launching Offer] INFO  o.eclipse.m2e.core.internal.Bundles - getClasspathEntries(Bundle=slf4j.api_1.7.36 [580])
2023-08-22 16:32:09,086 [Worker-5: Launching Offer] INFO  o.eclipse.m2e.core.internal.Bundles - 	Entry: C:\Users\p1357991\Downloads\sts-4.18.1.RELEASE\plugins\slf4j.api_1.7.36.jar
2023-08-22 16:32:09,086 [Worker-5: Launching Offer] INFO  o.eclipse.m2e.core.internal.Bundles - getClasspathEntries(Bundle=javax.inject_1.0.0.v20220405-0441 [50])
2023-08-22 16:32:09,088 [Worker-5: Launching Offer] INFO  o.eclipse.m2e.core.internal.Bundles - 	Entry: C:\Users\p1357991\Downloads\sts-4.18.1.RELEASE\plugins\javax.inject_1.0.0.v20220405-0441.jar
2023-08-22 16:32:09,088 [Worker-5: Launching Offer] INFO  o.eclipse.m2e.core.internal.Bundles - getClasspathEntries(Bundle=javax.annotation_1.3.5.v20221203-1659 [48])
2023-08-22 16:32:09,089 [Worker-5: Launching Offer] INFO  o.eclipse.m2e.core.internal.Bundles - 	Entry: C:\Users\p1357991\Downloads\sts-4.18.1.RELEASE\plugins\javax.annotation_1.3.5.v20221203-1659.jar
2023-08-22 16:32:09,089 [Worker-5: Launching Offer] INFO  o.eclipse.m2e.core.internal.Bundles - getClasspathEntries(Bundle=org.apache.commons.cli_1.4.0.v20221112-0806 [73])
2023-08-22 16:32:09,090 [Worker-5: Launching Offer] INFO  o.eclipse.m2e.core.internal.Bundles - 	Entry: C:\Users\p1357991\Downloads\sts-4.18.1.RELEASE\plugins\org.apache.commons.cli_1.4.0.v20221112-0806.jar
2023-08-22 16:32:09,090 [Worker-5: Launching Offer] INFO  o.eclipse.m2e.core.internal.Bundles - getClasspathEntries(Bundle=com.google.guava.failureaccess_1.0.1 [25])
2023-08-22 16:32:09,091 [Worker-5: Launching Offer] INFO  o.eclipse.m2e.core.internal.Bundles - 	Entry: C:\Users\p1357991\Downloads\sts-4.18.1.RELEASE\plugins\com.google.guava.failureaccess_1.0.1.jar
2023-08-22 16:32:09,106 [Worker-5: Launching Offer] INFO  o.e.m.i.launch.MavenLaunchDelegate - Run build in "D:\Java\OPTUS\offer suboffer updated\Offer Final 2\Offer":
2023-08-22 16:32:09,107 [Worker-5: Launching Offer] INFO  o.e.m.i.launch.MavenLaunchDelegate -  mvn  -B -Dstyle.color=always clean install
2023-08-22 16:33:05,775 [Worker-4: Launching Executing clean in D__Java_OPTUS_offer suboffer updated_Offer Final 2_Offer] INFO  o.e.m.i.launch.MavenLaunchDelegate - Run build in "D:\Java\OPTUS\offer suboffer updated\Offer Final 2\Offer":
2023-08-22 16:33:05,775 [Worker-4: Launching Executing clean in D__Java_OPTUS_offer suboffer updated_Offer Final 2_Offer] INFO  o.e.m.i.launch.MavenLaunchDelegate -  mvn  -B -Dstyle.color=always clean
2023-08-22 16:39:50,558 [Worker-16: Updating Maven Project] INFO  o.e.m.c.i.p.ProjectConfigurationManager - Update started
2023-08-22 16:39:50,844 [Worker-16: Updating Maven Project] INFO  o.e.m.c.i.l.LifecycleMappingFactory - Using org.eclipse.m2e.jdt.JarLifecycleMapping lifecycle mapping for MavenProject: com.example:Offer:0.0.1-SNAPSHOT @ D:\Java\OPTUS\offer suboffer updated\Offer Final 2\Offer\pom.xml.
2023-08-22 16:39:51,651 [Worker-16: Updating Maven Project] INFO  o.e.m.j.i.AbstractJavaProjectConfigurator - Adding source folder /Offer/src/main/java
2023-08-22 16:39:51,652 [Worker-16: Updating Maven Project] INFO  o.e.m.j.i.AbstractJavaProjectConfigurator - Adding resource folder /Offer/src/main/resources
2023-08-22 16:39:51,652 [Worker-16: Updating Maven Project] INFO  o.e.m.j.i.AbstractJavaProjectConfigurator - Adding resource folder /Offer/src/main/resources
2023-08-22 16:39:51,653 [Worker-16: Updating Maven Project] INFO  o.e.m.j.i.AbstractJavaProjectConfigurator - Adding source folder /Offer/src/test/java
2023-08-22 16:39:52,014 [Worker-16: Updating Maven Project] INFO  o.e.m.c.i.p.ProjectConfigurationManager - Update completed for 1 poms: local refresh takes 0.00 sec, refresh facades takes 1.00 sec, update config takes 0.00 sec 
2023-08-22 16:39:52,526 [Worker-13: Building] INFO  o.a.m.s.f.DefaultMavenResourcesFiltering - Copying 1 resource from src\main\resources to target\classes
2023-08-22 16:39:52,558 [Worker-13: Building] INFO  o.a.m.s.f.DefaultMavenResourcesFiltering - Copying 0 resource from src\main\resources to target\classes
2023-08-22 16:39:52,564 [Worker-13: Building] INFO  o.a.m.s.f.DefaultMavenResourcesFiltering - skip non existing resourceDirectory D:\Java\OPTUS\offer suboffer updated\Offer Final 2\Offer\src\test\resources
2023-08-22 16:43:29,889 [main] INFO  o.e.m2e.actions.ExecutePomAction - Creating new launch configuration
2023-08-22 16:43:30,373 [Worker-21: Launching Offer (1)] INFO  o.e.m.i.launch.MavenLaunchDelegate - Run build in "D:\Java\OPTUS\offer suboffer updated\Offer Final 2\Offer":
2023-08-22 16:43:30,373 [Worker-21: Launching Offer (1)] INFO  o.e.m.i.launch.MavenLaunchDelegate -  mvn  -B -Dstyle.color=always 
2023-08-22 16:43:50,601 [Worker-15: Launching Offer] INFO  o.e.m.i.launch.MavenLaunchDelegate - Run build in "D:\Java\OPTUS\offer suboffer updated\Offer Final 2\Offer":
2023-08-22 16:43:50,602 [Worker-15: Launching Offer] INFO  o.e.m.i.launch.MavenLaunchDelegate -  mvn  -B -Dstyle.color=always clean install
2023-08-22 16:44:59,027 [main] INFO  o.e.m2e.actions.ExecutePomAction - Creating new launch configuration
2023-08-22 16:45:14,936 [Worker-17: Launching Offer (2)] INFO  o.e.m.i.launch.MavenLaunchDelegate - Run build in "D:\Java\OPTUS\offer suboffer updated\Offer Final 2\Offer":
2023-08-22 16:45:14,936 [Worker-17: Launching Offer (2)] INFO  o.e.m.i.launch.MavenLaunchDelegate -  mvn  -B -Dstyle.color=always install
2023-08-22 16:45:38,011 [Worker-22: Launching Executing install in D__Java_OPTUS_offer suboffer updated_Offer Final 2_Offer] INFO  o.e.m.i.launch.MavenLaunchDelegate - Run build in "D:\Java\OPTUS\offer suboffer updated\Offer Final 2\Offer":
2023-08-22 16:45:38,011 [Worker-22: Launching Executing install in D__Java_OPTUS_offer suboffer updated_Offer Final 2_Offer] INFO  o.e.m.i.launch.MavenLaunchDelegate -  mvn  -B -Dstyle.color=always install
2023-08-22 17:16:13,936 [Worker-1: Loading available Gradle versions] INFO  o.e.b.c.i.u.g.PublishedGradleVersions - Gradle version information cache is up-to-date. Trying to read.
2023-08-23 10:47:41,428 [Worker-28: Building] INFO  o.a.m.s.f.DefaultMavenResourcesFiltering - Copying 1 resource from src\main\resources to target\classes
2023-08-23 10:47:41,447 [Worker-28: Building] INFO  o.a.m.s.f.DefaultMavenResourcesFiltering - Copying 0 resource from src\main\resources to target\classes
2023-08-23 10:47:41,451 [Worker-28: Building] INFO  o.a.m.s.f.DefaultMavenResourcesFiltering - skip non existing resourceDirectory D:\Java\OPTUS\offer suboffer updated\Offer Final 2\Offer\src\test\resources
2023-08-23 10:48:37,356 [Worker-2: Loading available Gradle versions] INFO  o.e.b.c.i.u.g.PublishedGradleVersions - Gradle version information cache is up-to-date. Trying to read.
2023-08-23 10:51:24,788 [main] INFO  o.e.m2e.actions.ExecutePomAction - Creating new launch configuration
2023-08-23 15:44:00,742 [Worker-4: Loading available Gradle versions] INFO  o.e.b.c.i.u.g.PublishedGradleVersions - Gradle version information cache is out-of-date. Trying to update.
2023-08-23 16:06:31,127 [Worker-14: Building] INFO  o.a.m.s.f.DefaultMavenResourcesFiltering - Copying 1 resource from src\main\resources to target\classes
2023-08-23 16:06:31,144 [Worker-14: Building] INFO  o.a.m.s.f.DefaultMavenResourcesFiltering - Copying 0 resource from src\main\resources to target\classes
2023-08-23 16:06:31,148 [Worker-14: Building] INFO  o.a.m.s.f.DefaultMavenResourcesFiltering - skip non existing resourceDirectory D:\Java\OPTUS\offer suboffer updated\Offer Final 2\Offer\src\test\resources
